<?xml version="1.0" encoding="UTF-8" ?>
<testsuites>
  <testsuite failures="5" hostname="ibm-mohitraj" id="0" name="NewProject/tests" package="" skipped="0" tests="16" time="2.1450702E7" timestamp="Mon Jun 03 17:07:17 IST 2024">
	    <properties>
		      <property name="excludeCallableTestCases" value="false" />

		      <property name="testEnvironment" value="" />

		      <property name="pluginOutputLevel" value="WARNING" />

		      <property name="projectPath" value=".." />

		      <property name="salesforceMetadataCache" value="Reuse" />

		      <property name="resultsPathDisposition" value="Increment" />

		      <property name="testOutputLevel" value="INFO" />

		      <property name="webBrowserType" value="Chrome" />

		      <property name="resultsPath" value="../ANT/Results" />

		      <property name="webBrowserConfiguration" value="Full Screen" />

		      <property name="projectCachePath" value="C:\Users\mohit.raj\git\repositoryNew\NewProject\ANT\..\..\.provarCaches" />

	    </properties>

	    <testcase classname="tests/.." name="Test Case 1.testcase" time="3.567">
	</testcase>

	    <testcase classname="tests/.." name="Ai.testcase" time="3.462">
	</testcase>

	    <testcase classname="tests/.." name="Callable.testcase" time="0.14">
	</testcase>

	    <testcase classname="tests/.." name="calling.testcase" time="0.158">
	</testcase>

	    <testcase classname="tests/.." name="Date.testcase" time="37.032">
		      <failure message="Execution failed"><![CDATA[Error doing interaction.  Connection Name: Presonnel, cause: [NoSuchElementException: No elements matched the field locator.  Field name: Adobe_PDFclient
For documentation on this error, please visit: https://www.selenium.dev/documentation/webdriver/troubleshooting/errors#no-such-element-exception
Build info: version: '4.16.1', revision: '9b4c83354e'
System info: os.name: 'Windows 11', os.arch: 'amd64', os.version: '10.0', java.version: '11.0.17'
Driver info: driver.version: ProvarSeleniumDriver]]]></failure>

	    </testcase>

	    <testcase classname="tests/.." name="Demo.testcase" time="0.11">
	</testcase>

	    <testcase classname="tests/.." name="Demo2.testcase" time="5.336">
	</testcase>

	    <testcase classname="tests/.." name="Demofirst.testcase" time="14692.052">
		      <failure message="Execution failed"><![CDATA[]]></failure>

	    </testcase>

	    <testcase classname="tests/.." name="Demosecond.testcase" time="58.944">
		      <failure message="Execution failed"><![CDATA[Failed to update Object.  Error Messages: Account ID: id value of incorrect type: 0015j00000xOrtOAA]]></failure>

	    </testcase>

	    <testcase classname="tests/.." name="FileRead.testcase" time="0.094">
	</testcase>

	    <testcase classname="tests/.." name="PdfAssert.testcase" time="49.303">
		      <failure message="Execution failed"><![CDATA[Error doing interaction.  Connection Name: Presonnel, cause: [NoSuchElementException: No elements matched the field locator.  Field name: Adobe_PDFPRX_EVB__1_
For documentation on this error, please visit: https://www.selenium.dev/documentation/webdriver/troubleshooting/errors#no-such-element-exception
Build info: version: '4.16.1', revision: '9b4c83354e'
System info: os.name: 'Windows 11', os.arch: 'amd64', os.version: '10.0', java.version: '11.0.17'
Driver info: driver.version: ProvarSeleniumDriver]]]></failure>

	    </testcase>

	    <testcase classname="tests/.." name="PracticeTest.testcase" time="34.741">
		      <failure message="Execution failed"><![CDATA[Test API not found for Api Call.  Test Step: AWS Rest API Connection: â‡’ , id: IdentifierImpl{id=customapis.AwsRestApiConnection}]]></failure>

	    </testcase>

	    <testcase classname="tests/.." name="SortingTable.testcase" time="13.203">
	</testcase>

	    <testcase classname="tests/.." name="Test Case 1.testcase" time="4.173">
	</testcase>

	    <testcase classname="tests/.." name="Test Case 2.testcase" time="8.01">
	</testcase>

	    <testcase classname="tests/.." name="zy.testcase" time="0.004">
	</testcase>

  </testsuite>
</testsuites>
